[lsxs.me/digicloud.html]
[backblue.gif]
[fade.gif]
[index.html]
[www.google-analytics.com/analytics.js]
[lsxs.me/images/favicon3.ico]
[cdnjs.cloudflare.com/ajax/libs/jquery/2.1.3/jquery.min.js]
[cdnjs.cloudflare.com/ajax/libs/three.js/r71/three.min.js]
[cdnjs.cloudflare.com/ajax/libs/stats.js/r11/Stats.min.js]
[lsxs.me/styles/styles.css]
[use.typekit.net/uok8swb.css]
[ajax.googleapis.com/ajax/libs/jquery/3.5.1/jquery.min.js]
[lsxs.me/digicloud.html]
[lsxs.me/styles/styles.css]
[use.typekit.net/af/a8a439/00000000000000003b9b21dc/27/le196]
[use.typekit.net/af/a8a439/00000000000000003b9b21dc/27/de196]
[use.typekit.net/af/a8a439/00000000000000003b9b21dc/27/ae196]
[use.typekit.net/af/077186/00000000000000000001793e/27/le196]
[use.typekit.net/af/077186/00000000000000000001793e/27/de196]
[use.typekit.net/af/077186/00000000000000000001793e/27/ae196]
[use.typekit.net/af/657ff9/000000000000000000014a2e/27/le196]
[use.typekit.net/af/657ff9/000000000000000000014a2e/27/de196]
[use.typekit.net/af/657ff9/000000000000000000014a2e/27/ae196]
[use.typekit.net/uok8swb.css]
[p.typekit.net/p76f2.css]
